<?xml version="1.0" encoding="UTF-8"?>
<coverage generated="1652137759676" clover="4.4.1">
   <project name="WordCounterApi 1.0.0.0-SNAPSHOT" timestamp="1652137754924">
      <metrics coveredelements="99" complexity="34" loc="213" methods="20" classes="3" statements="70" packages="3" coveredconditionals="17" coveredmethods="19" elements="108" ncloc="179" files="3" conditionals="18" coveredstatements="63"/>
      <package name="core">
         <metrics coveredelements="74" complexity="22" loc="121" methods="13" classes="1" statements="51" coveredconditionals="12" coveredmethods="13" elements="76" ncloc="101" files="1" conditionals="12" coveredstatements="49"/>
         <file path="C:\data\code\WordCounterApi\src\main\java\core\WordCounter.java" name="WordCounter.java">
            <metrics coveredelements="74" coveredconditionals="12" complexity="22" loc="121" coveredmethods="13" methods="13" elements="76" classes="1" ncloc="101" statements="51" conditionals="12" coveredstatements="49"/>
            <class name="WordCounter">
               <metrics coveredelements="74" coveredconditionals="12" complexity="22" coveredmethods="13" methods="13" elements="76" statements="51" conditionals="12" coveredstatements="49"/>
            </class>
            <line complexity="1" visibility="public" signature="getLetterCount() : int" num="17" count="10" type="method"/>
            <line num="18" count="10" type="stmt"/>
            <line complexity="1" visibility="public" signature="getWordCount() : int" num="21" count="10" type="method"/>
            <line num="22" count="10" type="stmt"/>
            <line complexity="1" visibility="public" signature="getAverage() : double" num="25" count="10" type="method"/>
            <line num="26" count="10" type="stmt"/>
            <line complexity="1" visibility="public" signature="getLengthsOfWords() : Map&lt;Integer, Integer&gt;" num="29" count="20" type="method"/>
            <line num="30" count="20" type="stmt"/>
            <line complexity="5" visibility="public" signature="readInputStream(InputStream) : void" num="33" count="5" type="method"/>
            <line num="34" count="5" type="stmt"/>
            <line num="35" count="5" type="stmt"/>
            <line num="35" count="5" type="stmt"/>
            <line num="36" count="5" type="stmt"/>
            <line falsecount="5" truecount="4442" num="36" type="cond"/>
            <line num="37" count="4442" type="stmt"/>
            <line num="38" count="4442" type="stmt"/>
            <line num="39" count="4442" type="stmt"/>
            <line num="42" count="0" type="stmt"/>
            <line num="43" count="0" type="stmt"/>
            <line num="45" count="5" type="stmt"/>
            <line complexity="2" visibility="private" signature="processSplitElements(List&lt;String&gt;) : void" num="48" count="4442" type="method"/>
            <line num="49" count="4442" type="stmt"/>
            <line num="50" count="795541" type="stmt"/>
            <line num="51" count="795541" type="stmt"/>
            <line falsecount="1623" truecount="793918" num="51" type="cond"/>
            <line num="52" count="793918" type="stmt"/>
            <line num="53" count="793918" type="stmt"/>
            <line num="54" count="793918" type="stmt"/>
            <line complexity="2" visibility="private" signature="maxLength(List&lt;Integer&gt;) : int" num="60" count="5" type="method"/>
            <line num="61" count="5" type="stmt"/>
            <line complexity="1" visibility="private" signature="trimString(String) : String" num="64" count="4442" type="method"/>
            <line num="65" count="4442" type="stmt"/>
            <line num="66" count="4442" type="stmt"/>
            <line num="67" count="4442" type="stmt"/>
            <line complexity="1" visibility="private" signature="splitString(String,String) : List&lt;String&gt;" num="70" count="4442" type="method"/>
            <line num="71" count="4442" type="stmt"/>
            <line complexity="1" visibility="private" signature="averageLength(int,int) : double" num="74" count="5" type="method"/>
            <line num="75" count="5" type="stmt"/>
            <line complexity="1" visibility="private" signature="reset() : void" num="78" count="5" type="method"/>
            <line num="79" count="5" type="stmt"/>
            <line num="80" count="5" type="stmt"/>
            <line num="81" count="5" type="stmt"/>
            <line num="82" count="5" type="stmt"/>
            <line complexity="5" visibility="public" signature="printInfo() : void" num="85" count="5" type="method"/>
            <line num="86" count="5" type="stmt"/>
            <line num="87" count="5" type="stmt"/>
            <line num="88" count="5" type="stmt"/>
            <line num="90" count="5" type="stmt"/>
            <line num="91" count="34" type="stmt"/>
            <line num="94" count="5" type="stmt"/>
            <line num="95" count="5" type="stmt"/>
            <line num="96" count="5" type="stmt"/>
            <line num="97" count="34" type="stmt"/>
            <line falsecount="23" truecount="11" num="97" type="cond"/>
            <line num="98" count="11" type="stmt"/>
            <line num="102" count="5" type="stmt"/>
            <line num="103" count="5" type="stmt"/>
            <line num="104" count="5" type="stmt"/>
            <line falsecount="2" truecount="3" num="104" type="cond"/>
            <line num="105" count="3" type="stmt"/>
            <line num="109" count="2" type="stmt"/>
            <line num="112" count="2" type="stmt"/>
            <line falsecount="2" truecount="8" num="112" type="cond"/>
            <line num="113" count="8" type="stmt"/>
            <line num="114" count="8" type="stmt"/>
            <line falsecount="2" truecount="6" num="114" type="cond"/>
            <line num="115" count="6" type="stmt"/>
            <line num="119" count="5" type="stmt"/>
         </file>
      </package>
      <package name="util">
         <metrics coveredelements="6" complexity="3" loc="22" methods="3" classes="1" statements="3" coveredconditionals="0" coveredmethods="3" elements="6" ncloc="17" files="1" conditionals="0" coveredstatements="3"/>
         <file path="C:\data\code\WordCounterApi\src\main\java\util\IoUtils.java" name="IoUtils.java">
            <metrics coveredelements="6" coveredconditionals="0" complexity="3" loc="22" coveredmethods="3" methods="3" elements="6" classes="1" ncloc="17" statements="3" conditionals="0" coveredstatements="3"/>
            <class name="IoUtils">
               <metrics coveredelements="6" coveredconditionals="0" complexity="3" coveredmethods="3" methods="3" elements="6" statements="3" conditionals="0" coveredstatements="3"/>
            </class>
            <line complexity="1" visibility="public" signature="doesExist(Path) : boolean" num="11" count="2" type="method"/>
            <line num="12" count="2" type="stmt"/>
            <line complexity="1" visibility="public" signature="isRegularFile(Path) : boolean" num="15" count="2" type="method"/>
            <line num="16" count="2" type="stmt"/>
            <line complexity="1" visibility="public" signature="createInputStream(Path) : InputStream" num="19" count="1" type="method"/>
            <line num="20" count="1" type="stmt"/>
         </file>
      </package>
      <package name="cmd">
         <metrics coveredelements="19" complexity="9" loc="70" methods="4" classes="1" statements="16" coveredconditionals="5" coveredmethods="3" elements="26" ncloc="61" files="1" conditionals="6" coveredstatements="11"/>
         <file path="C:\data\code\WordCounterApi\src\main\java\cmd\WordCountCmd.java" name="WordCountCmd.java">
            <metrics coveredelements="19" coveredconditionals="5" complexity="9" loc="70" coveredmethods="3" methods="4" elements="26" classes="1" ncloc="61" statements="16" conditionals="6" coveredstatements="11"/>
            <class name="WordCountCmd">
               <metrics coveredelements="19" coveredconditionals="5" complexity="9" coveredmethods="3" methods="4" elements="26" statements="16" conditionals="6" coveredstatements="11"/>
            </class>
            <line complexity="1" visibility="public" signature="setIoUtils(IoUtils) : void" num="24" count="3" type="method"/>
            <line num="26" count="3" type="stmt"/>
            <line complexity="1" visibility="public" signature="setWordCounter(WordCounter) : void" num="29" count="3" type="method"/>
            <line num="31" count="3" type="stmt"/>
            <line complexity="6" visibility="public" signature="run() : void" num="34" count="3" type="method"/>
            <line num="37" count="3" type="stmt"/>
            <line falsecount="2" truecount="1" num="37" type="cond"/>
            <line num="39" count="1" type="stmt"/>
            <line num="41" count="1" type="stmt"/>
            <line num="42" count="1" type="stmt"/>
            <line num="43" count="1" type="stmt"/>
            <line num="47" count="0" type="stmt"/>
            <line num="52" count="2" type="stmt"/>
            <line falsecount="1" truecount="1" num="52" type="cond"/>
            <line num="54" count="1" type="stmt"/>
            <line num="56" count="1" type="stmt"/>
            <line falsecount="0" truecount="1" num="56" type="cond"/>
            <line num="58" count="1" type="stmt"/>
            <line complexity="1" visibility="public" signature="main(String[]) : void" num="63" count="0" type="method"/>
            <line num="65" count="0" type="stmt"/>
            <line num="66" count="0" type="stmt"/>
            <line num="67" count="0" type="stmt"/>
            <line num="68" count="0" type="stmt"/>
         </file>
      </package>
   </project>
   <testproject name="WordCounterApi 1.0.0.0-SNAPSHOT" timestamp="1652137754924">
      <metrics coveredelements="178" complexity="35" loc="472" methods="35" classes="3" statements="143" packages="3" coveredconditionals="0" coveredmethods="35" elements="178" ncloc="374" files="3" conditionals="0" coveredstatements="143"/>
      <package name="core">
         <metrics coveredelements="99" complexity="21" loc="253" methods="21" classes="1" statements="78" coveredconditionals="0" coveredmethods="21" elements="99" ncloc="202" files="1" conditionals="0" coveredstatements="78"/>
         <file path="C:\data\code\WordCounterApi\src\test\java\core\WordCounterTest.java" name="WordCounterTest.java">
            <metrics coveredelements="99" coveredconditionals="0" complexity="21" loc="253" coveredmethods="21" methods="21" elements="99" classes="1" ncloc="202" statements="78" conditionals="0" coveredstatements="78"/>
            <class name="WordCounterTest">
               <metrics coveredelements="99" complexity="21" methods="21" testruns="5" statements="78" coveredconditionals="0" coveredmethods="21" elements="99" testfailures="0" testduration="0.30900000000000005" conditionals="0" coveredstatements="78" testpasses="5"/>
            </class>
            <line complexity="2" visibility="public" signature="setup() : void" num="40" count="5" type="method"/>
            <line num="43" count="5" type="stmt"/>
            <line num="47" count="5" type="stmt"/>
            <line num="48" count="5" type="stmt"/>
            <line num="50" count="5" type="stmt"/>
            <line num="56" count="5" type="stmt"/>
            <line num="57" count="5" type="stmt"/>
            <line num="58" count="5" type="stmt"/>
            <line complexity="1" visibility="public" signature="tearDown() : void" num="62" count="5" type="method"/>
            <line num="67" count="5" type="stmt"/>
            <line num="68" count="5" type="stmt"/>
            <line complexity="3" visibility="public" signature="synalogikStringTest() : void" num="72" testsuccess="true" count="1" testduration="0.029" type="method"/>
            <line num="77" count="1" type="stmt"/>
            <line num="78" count="1" type="stmt"/>
            <line num="79" count="1" type="stmt"/>
            <line num="84" count="1" type="stmt"/>
            <line num="85" count="1" type="stmt"/>
            <line num="88" count="1" type="stmt"/>
            <line num="89" count="1" type="stmt"/>
            <line num="90" count="1" type="stmt"/>
            <line num="91" count="1" type="stmt"/>
            <line num="92" count="1" type="stmt"/>
            <line complexity="3" visibility="public" signature="tesThreeLargeOneSmallSizeStringTest() : void" num="106" testsuccess="true" count="1" testduration="0.003" type="method"/>
            <line num="111" count="1" type="stmt"/>
            <line num="112" count="1" type="stmt"/>
            <line num="113" count="1" type="stmt"/>
            <line num="118" count="1" type="stmt"/>
            <line num="119" count="1" type="stmt"/>
            <line num="122" count="1" type="stmt"/>
            <line num="123" count="1" type="stmt"/>
            <line num="124" count="1" type="stmt"/>
            <line num="125" count="1" type="stmt"/>
            <line num="126" count="1" type="stmt"/>
            <line complexity="3" visibility="public" signature="allWordsSameSizeStringTest() : void" num="134" testsuccess="true" count="1" testduration="0.003" type="method"/>
            <line num="139" count="1" type="stmt"/>
            <line num="140" count="1" type="stmt"/>
            <line num="141" count="1" type="stmt"/>
            <line num="146" count="1" type="stmt"/>
            <line num="147" count="1" type="stmt"/>
            <line num="150" count="1" type="stmt"/>
            <line num="151" count="1" type="stmt"/>
            <line num="152" count="1" type="stmt"/>
            <line num="153" count="1" type="stmt"/>
            <line num="154" count="1" type="stmt"/>
            <line complexity="3" visibility="public" signature="allWordsDifferentSizeStringTest() : void" num="161" testsuccess="true" count="1" testduration="0.0" type="method"/>
            <line num="166" count="1" type="stmt"/>
            <line num="167" count="1" type="stmt"/>
            <line num="168" count="1" type="stmt"/>
            <line num="173" count="1" type="stmt"/>
            <line num="174" count="1" type="stmt"/>
            <line num="177" count="1" type="stmt"/>
            <line num="178" count="1" type="stmt"/>
            <line num="179" count="1" type="stmt"/>
            <line num="180" count="1" type="stmt"/>
            <line num="181" count="1" type="stmt"/>
            <line complexity="3" visibility="public" signature="bibleTest() : void" num="194" testsuccess="true" count="1" testduration="0.274" type="method"/>
            <line num="199" count="1" type="stmt"/>
            <line num="201" count="1" type="stmt"/>
            <line num="208" count="1" type="stmt"/>
            <line num="209" count="1" type="stmt"/>
            <line num="212" count="1" type="stmt"/>
            <line num="213" count="1" type="stmt"/>
            <line num="214" count="1" type="stmt"/>
            <line num="215" count="1" type="stmt"/>
            <line num="216" count="1" type="stmt"/>
            <line complexity="3" visibility="private" signature="verifyLogMessages(String) : boolean" num="240" count="5" type="method"/>
            <line num="242" count="5" type="stmt"/>
            <line num="243" count="5" type="stmt"/>
            <line num="245" count="5" type="stmt"/>
            <line num="246" count="5" type="stmt"/>
            <line num="248" count="54" type="stmt"/>
            <line num="251" count="5" type="stmt"/>
         </file>
      </package>
      <package name="util">
         <metrics coveredelements="20" complexity="5" loc="62" methods="5" classes="1" statements="15" coveredconditionals="0" coveredmethods="5" elements="20" ncloc="52" files="1" conditionals="0" coveredstatements="15"/>
         <file path="C:\data\code\WordCounterApi\src\test\java\util\IoUtilsTest.java" name="IoUtilsTest.java">
            <metrics coveredelements="20" coveredconditionals="0" complexity="5" loc="62" coveredmethods="5" methods="5" elements="20" classes="1" ncloc="52" statements="15" conditionals="0" coveredstatements="15"/>
            <class name="IoUtilsTest">
               <metrics coveredelements="20" complexity="5" methods="5" testruns="5" statements="15" coveredconditionals="0" coveredmethods="5" elements="20" testfailures="0" testduration="0.011000000000000003" conditionals="0" coveredstatements="15" testpasses="5"/>
            </class>
            <line complexity="1" visibility="public" signature="doesExistTrueTest() : void" num="20" testsuccess="true" count="1" testduration="0.0" type="method"/>
            <line num="23" count="1" type="stmt"/>
            <line num="24" count="1" type="stmt"/>
            <line complexity="1" visibility="public" signature="doesExistFalseTest() : void" num="27" testsuccess="true" count="1" testduration="0.007" type="method"/>
            <line num="30" count="1" type="stmt"/>
            <line num="31" count="1" type="stmt"/>
            <line num="32" count="1" type="stmt"/>
            <line complexity="1" visibility="public" signature="isRegularFileTrueTest() : void" num="35" testsuccess="true" count="1" testduration="0.001" type="method"/>
            <line num="38" count="1" type="stmt"/>
            <line num="39" count="1" type="stmt"/>
            <line num="41" count="1" type="stmt"/>
            <line complexity="1" visibility="public" signature="isRegularFileFalseTest() : void" num="44" testsuccess="true" count="1" testduration="0.001" type="method"/>
            <line num="47" count="1" type="stmt"/>
            <line num="48" count="1" type="stmt"/>
            <line num="49" count="1" type="stmt"/>
            <line complexity="1" visibility="public" signature="createInputStreamTest() : void" num="52" testsuccess="true" count="1" testduration="0.002" type="method"/>
            <line num="56" count="1" type="stmt"/>
            <line num="57" count="1" type="stmt"/>
            <line num="59" count="1" type="stmt"/>
            <line num="60" count="1" type="stmt"/>
         </file>
      </package>
      <package name="cmd">
         <metrics coveredelements="59" complexity="9" loc="157" methods="9" classes="1" statements="50" coveredconditionals="0" coveredmethods="9" elements="59" ncloc="120" files="1" conditionals="0" coveredstatements="50"/>
         <file path="C:\data\code\WordCounterApi\src\test\java\cmd\WordCountCmdTest.java" name="WordCountCmdTest.java">
            <metrics coveredelements="59" coveredconditionals="0" complexity="9" loc="157" coveredmethods="9" methods="9" elements="59" classes="1" ncloc="120" statements="50" conditionals="0" coveredstatements="50"/>
            <class name="WordCountCmdTest">
               <metrics coveredelements="59" complexity="9" methods="9" testruns="3" statements="50" coveredconditionals="0" coveredmethods="9" elements="59" testfailures="0" testduration="0.158" conditionals="0" coveredstatements="50" testpasses="3"/>
            </class>
            <line complexity="2" visibility="public" signature="setup() : void" num="49" count="3" type="method"/>
            <line num="54" count="3" type="stmt"/>
            <line num="55" count="3" type="stmt"/>
            <line num="57" count="3" type="stmt"/>
            <line num="63" count="3" type="stmt"/>
            <line num="64" count="3" type="stmt"/>
            <line num="65" count="3" type="stmt"/>
            <line num="67" count="3" type="stmt"/>
            <line num="68" count="3" type="stmt"/>
            <line num="69" count="3" type="stmt"/>
            <line complexity="1" visibility="public" signature="tearDown() : void" num="72" count="3" type="method"/>
            <line num="77" count="3" type="stmt"/>
            <line num="78" count="3" type="stmt"/>
            <line complexity="1" visibility="public" signature="fileExistIsRegularFileTest() : void" num="81" testsuccess="true" count="1" testduration="0.002" type="method"/>
            <line num="86" count="1" type="stmt"/>
            <line num="87" count="1" type="stmt"/>
            <line num="90" count="1" type="stmt"/>
            <line num="91" count="1" type="stmt"/>
            <line num="92" count="1" type="stmt"/>
            <line num="95" count="1" type="stmt"/>
            <line num="96" count="1" type="stmt"/>
            <line num="97" count="1" type="stmt"/>
            <line num="98" count="1" type="stmt"/>
            <line complexity="1" visibility="public" signature="fileExistIsDirectoryTest() : void" num="102" testsuccess="true" count="1" testduration="0.002" type="method"/>
            <line num="107" count="1" type="stmt"/>
            <line num="108" count="1" type="stmt"/>
            <line num="111" count="1" type="stmt"/>
            <line num="112" count="1" type="stmt"/>
            <line num="113" count="1" type="stmt"/>
            <line num="116" count="1" type="stmt"/>
            <line num="117" count="1" type="stmt"/>
            <line num="118" count="1" type="stmt"/>
            <line num="119" count="1" type="stmt"/>
            <line num="120" count="1" type="stmt"/>
            <line complexity="1" visibility="public" signature="fileDoesntExistTest() : void" num="123" testsuccess="true" count="1" testduration="0.154" type="method"/>
            <line num="128" count="1" type="stmt"/>
            <line num="129" count="1" type="stmt"/>
            <line num="132" count="1" type="stmt"/>
            <line num="133" count="1" type="stmt"/>
            <line num="134" count="1" type="stmt"/>
            <line num="137" count="1" type="stmt"/>
            <line num="138" count="1" type="stmt"/>
            <line num="139" count="1" type="stmt"/>
            <line num="140" count="1" type="stmt"/>
            <line num="141" count="1" type="stmt"/>
            <line complexity="3" visibility="private" signature="verifyLogMessages(String) : boolean" num="144" count="2" type="method"/>
            <line num="146" count="2" type="stmt"/>
            <line num="147" count="2" type="stmt"/>
            <line num="149" count="2" type="stmt"/>
            <line num="150" count="2" type="stmt"/>
            <line num="152" count="2" type="stmt"/>
            <line num="155" count="2" type="stmt"/>
         </file>
      </package>
   </testproject>
</coverage>