<?xml version="1.0" encoding="UTF-8" ?>
<testsuite tests="5" failures="0" name="core.WordCounterTest" time="0.264" errors="0" skipped="0">
  <properties>
[...]
</properties>
  <testcase classname="core.WordCounterTest" name="synalogikStringTest" time="0"/>
  <testcase classname="core.WordCounterTest" name="allWordsDifferentSizeStringTest" time="0"/>
  <testcase classname="core.WordCounterTest" name="allWordsSameSizeStringTest" time="0"/>
  <testcase classname="core.WordCounterTest" name="tesThreeLargeOneSmallSizeStringTest" time="0"/>
  <testcase classname="core.WordCounterTest" name="bibleTest" time="0.264"/>
</testsuite>